[INFO  - 2015-11-18T20:09:38.637Z] GhostDriver - Main - running on port 22750
[INFO  - 2015-11-18T20:09:39.711Z] Session [4c757a50-8e30-11e5-a38f-e9e07e21ecb6] - page.settings - {"XSSAuditingEnabled":false,"javascriptCanCloseWindows":true,"javascriptCanOpenWindows":true,"javascriptEnabled":true,"loadImages":true,"localToRemoteUrlAccessEnabled":false,"userAgent":"Mozilla/5.0 (Windows NT 6.1; WOW64) AppleWebKit/534.34 (KHTML, like Gecko) PhantomJS/1.9.8 Safari/534.34","webSecurityEnabled":true}
[INFO  - 2015-11-18T20:09:39.713Z] Session [4c757a50-8e30-11e5-a38f-e9e07e21ecb6] - page.customHeaders:  - {}
[INFO  - 2015-11-18T20:09:39.713Z] Session [4c757a50-8e30-11e5-a38f-e9e07e21ecb6] - Session.negotiatedCapabilities - {"browserName":"phantomjs","version":"1.9.8","driverName":"ghostdriver","driverVersion":"1.1.0","platform":"windows-7-32bit","javascriptEnabled":true,"takesScreenshot":true,"handlesAlerts":false,"databaseEnabled":false,"locationContextEnabled":false,"applicationCacheEnabled":false,"browserConnectionEnabled":false,"cssSelectorsEnabled":true,"webStorageEnabled":false,"rotatable":false,"acceptSslCerts":false,"nativeEvents":true,"proxy":{"proxyType":"direct"}}
[INFO  - 2015-11-18T20:09:39.714Z] SessionManagerReqHand - _postNewSessionCommand - New Session Created: 4c757a50-8e30-11e5-a38f-e9e07e21ecb6
[INFO  - 2015-11-18T20:10:06.777Z] ShutdownReqHand - _handle - About to shutdown
[INFO  - 2015-11-18T20:12:36.406Z] GhostDriver - Main - running on port 37739
[INFO  - 2015-11-18T20:12:36.534Z] Session [b5db4a10-8e30-11e5-adbf-4d3d4e2b5ff6] - page.settings - {"XSSAuditingEnabled":false,"javascriptCanCloseWindows":true,"javascriptCanOpenWindows":true,"javascriptEnabled":true,"loadImages":true,"localToRemoteUrlAccessEnabled":false,"userAgent":"Mozilla/5.0 (Windows NT 6.1; WOW64) AppleWebKit/534.34 (KHTML, like Gecko) PhantomJS/1.9.8 Safari/534.34","webSecurityEnabled":false}
[INFO  - 2015-11-18T20:12:36.535Z] Session [b5db4a10-8e30-11e5-adbf-4d3d4e2b5ff6] - page.customHeaders:  - {}
[INFO  - 2015-11-18T20:12:36.535Z] Session [b5db4a10-8e30-11e5-adbf-4d3d4e2b5ff6] - Session.negotiatedCapabilities - {"browserName":"phantomjs","version":"1.9.8","driverName":"ghostdriver","driverVersion":"1.1.0","platform":"windows-7-32bit","javascriptEnabled":true,"takesScreenshot":true,"handlesAlerts":false,"databaseEnabled":false,"locationContextEnabled":false,"applicationCacheEnabled":false,"browserConnectionEnabled":false,"cssSelectorsEnabled":true,"webStorageEnabled":false,"rotatable":false,"acceptSslCerts":false,"nativeEvents":true,"proxy":{"proxyType":"direct"}}
[INFO  - 2015-11-18T20:12:36.535Z] SessionManagerReqHand - _postNewSessionCommand - New Session Created: b5db4a10-8e30-11e5-adbf-4d3d4e2b5ff6
[INFO  - 2015-11-18T20:13:03.215Z] ShutdownReqHand - _handle - About to shutdown
[INFO  - 2015-11-18T20:15:01.111Z] GhostDriver - Main - running on port 45581
[INFO  - 2015-11-18T20:15:01.885Z] Session [0c7da250-8e31-11e5-b584-010a0e9314a1] - page.settings - {"XSSAuditingEnabled":false,"javascriptCanCloseWindows":true,"javascriptCanOpenWindows":true,"javascriptEnabled":true,"loadImages":true,"localToRemoteUrlAccessEnabled":false,"userAgent":"Mozilla/5.0 (Windows NT 6.1; WOW64) AppleWebKit/534.34 (KHTML, like Gecko) PhantomJS/1.9.8 Safari/534.34","webSecurityEnabled":false}
[INFO  - 2015-11-18T20:15:01.886Z] Session [0c7da250-8e31-11e5-b584-010a0e9314a1] - page.customHeaders:  - {}
[INFO  - 2015-11-18T20:15:01.886Z] Session [0c7da250-8e31-11e5-b584-010a0e9314a1] - Session.negotiatedCapabilities - {"browserName":"phantomjs","version":"1.9.8","driverName":"ghostdriver","driverVersion":"1.1.0","platform":"windows-7-32bit","javascriptEnabled":true,"takesScreenshot":true,"handlesAlerts":false,"databaseEnabled":false,"locationContextEnabled":false,"applicationCacheEnabled":false,"browserConnectionEnabled":false,"cssSelectorsEnabled":true,"webStorageEnabled":false,"rotatable":false,"acceptSslCerts":false,"nativeEvents":true,"proxy":{"proxyType":"direct"}}
[INFO  - 2015-11-18T20:15:01.886Z] SessionManagerReqHand - _postNewSessionCommand - New Session Created: 0c7da250-8e31-11e5-b584-010a0e9314a1
[INFO  - 2015-11-18T20:15:26.703Z] ShutdownReqHand - _handle - About to shutdown
[INFO  - 2015-11-18T20:16:17.261Z] GhostDriver - Main - running on port 37178
[INFO  - 2015-11-18T20:16:17.414Z] Session [3982e710-8e31-11e5-8496-5de3f6afaaf0] - page.settings - {"XSSAuditingEnabled":false,"javascriptCanCloseWindows":true,"javascriptCanOpenWindows":true,"javascriptEnabled":true,"loadImages":true,"localToRemoteUrlAccessEnabled":false,"userAgent":"Mozilla/5.0 (Windows NT 6.1; WOW64) AppleWebKit/534.34 (KHTML, like Gecko) PhantomJS/1.9.8 Safari/534.34","webSecurityEnabled":false}
[INFO  - 2015-11-18T20:16:17.414Z] Session [3982e710-8e31-11e5-8496-5de3f6afaaf0] - page.customHeaders:  - {}
[INFO  - 2015-11-18T20:16:17.415Z] Session [3982e710-8e31-11e5-8496-5de3f6afaaf0] - Session.negotiatedCapabilities - {"browserName":"phantomjs","version":"1.9.8","driverName":"ghostdriver","driverVersion":"1.1.0","platform":"windows-7-32bit","javascriptEnabled":true,"takesScreenshot":true,"handlesAlerts":false,"databaseEnabled":false,"locationContextEnabled":false,"applicationCacheEnabled":false,"browserConnectionEnabled":false,"cssSelectorsEnabled":true,"webStorageEnabled":false,"rotatable":false,"acceptSslCerts":false,"nativeEvents":true,"proxy":{"proxyType":"direct"}}
[INFO  - 2015-11-18T20:16:17.415Z] SessionManagerReqHand - _postNewSessionCommand - New Session Created: 3982e710-8e31-11e5-8496-5de3f6afaaf0
[INFO  - 2015-11-18T20:17:05.837Z] ShutdownReqHand - _handle - About to shutdown
[INFO  - 2015-11-18T20:19:21.196Z] GhostDriver - Main - running on port 36695
[INFO  - 2015-11-18T20:19:21.251Z] Session [a71633e0-8e31-11e5-b50a-850055e54745] - page.settings - {"XSSAuditingEnabled":false,"javascriptCanCloseWindows":true,"javascriptCanOpenWindows":true,"javascriptEnabled":true,"loadImages":true,"localToRemoteUrlAccessEnabled":false,"userAgent":"Mozilla/5.0 (Windows NT 6.1; WOW64) AppleWebKit/534.34 (KHTML, like Gecko) PhantomJS/1.9.8 Safari/534.34","webSecurityEnabled":false}
[INFO  - 2015-11-18T20:19:21.251Z] Session [a71633e0-8e31-11e5-b50a-850055e54745] - page.customHeaders:  - {}
[INFO  - 2015-11-18T20:19:21.252Z] Session [a71633e0-8e31-11e5-b50a-850055e54745] - Session.negotiatedCapabilities - {"browserName":"phantomjs","version":"1.9.8","driverName":"ghostdriver","driverVersion":"1.1.0","platform":"windows-7-32bit","javascriptEnabled":true,"takesScreenshot":true,"handlesAlerts":false,"databaseEnabled":false,"locationContextEnabled":false,"applicationCacheEnabled":false,"browserConnectionEnabled":false,"cssSelectorsEnabled":true,"webStorageEnabled":false,"rotatable":false,"acceptSslCerts":false,"nativeEvents":true,"proxy":{"proxyType":"direct"}}
[INFO  - 2015-11-18T20:19:21.252Z] SessionManagerReqHand - _postNewSessionCommand - New Session Created: a71633e0-8e31-11e5-b50a-850055e54745
[INFO  - 2015-11-18T20:19:21.379Z] ShutdownReqHand - _handle - About to shutdown
